[18:28:36] [INIT] KubeJS 2001.6.4-build.95; MC 2001 forge
[18:28:36] [INIT] Loaded plugins:
[18:28:36] [INIT] - dev.latvian.mods.kubejs.forge.BuiltinKubeJSForgePlugin
[18:28:36] [INIT] - com.lowdragmc.lowdraglib.kjs.LDLibKubeJSPlugin
[18:28:36] [INIT] - dev.ftb.mods.ftbxmodcompat.ftbquests.kubejs.KubeJSIntegration
[18:28:36] [INIT] - dev.ftb.mods.ftbxmodcompat.ftbchunks.kubejs.FTBChunksKubeJSPlugin
[18:28:36] [INIT] - dev.ftb.mods.ftbxmodcompat.ftbteams.kubejs.FTBTeamsKubeJSPlugin
[18:28:36] [INIT] - com.gregtechceu.gtceu.integration.kjs.GregTechKubeJSPlugin
[18:28:36] [INIT] - com.tom.createores.kubejs.KubeJSExcavation
[18:28:36] [INIT] - com.almostreliable.morejs.Plugin
[18:28:36] [INIT] - com.blakebr0.cucumber.compat.kubejs.CucumberKubeJSPlugin
[18:28:36] [INIT] - com.almostreliable.ponderjs.PonderJSPlugin
[18:28:38] [INFO] Loaded script server_scripts:postUnify/_before.js in 0.006 s
[18:28:38] [INFO] Loaded script server_scripts:postUnify/dust.js in 0.004 s
[18:28:38] [INFO] Loaded script server_scripts:postUnify/wires.js in 0.002 s
[18:28:38] [INFO] Loaded script server_scripts:postUnify/storage_blocks.js in 0.002 s
[18:28:38] [INFO] Loaded script server_scripts:postUnify/ingots.js in 0.002 s
[18:28:38] [INFO] Loaded script server_scripts:postUnify/nuggets.js in 0.001 s
[18:28:38] [INFO] Loaded script server_scripts:postUnify/raw_materials.js in 0.001 s
[18:28:38] [INFO] Loaded script server_scripts:postUnify/plates.js in 0.003 s
[18:28:38] [INFO] Loaded script server_scripts:postUnify/rods.js in 0.002 s
[18:28:38] [INFO] Loaded script server_scripts:postUnify/gears.js in 0.002 s
[18:28:38] [INFO] Loaded script server_scripts:mods/chemlib/craftRemove.js in 0.001 s
[18:28:38] [INFO] Loaded script server_scripts:mods/mysticalagriculture/cropRemove.js in 0.0 s
[18:28:38] [INFO] Loaded script server_scripts:conflicts.js in 0.001 s
[18:28:38] [INFO] Loaded script server_scripts:modpack/atm_alloy_tools.js in 0.002 s
[18:28:38] [INFO] Loaded script server_scripts:modpack/atm_alloys.js in 0.002 s
[18:28:38] [INFO] Loaded script server_scripts:modpack/atm_shard.js in 0.0 s
[18:28:38] [INFO] Loaded script server_scripts:modpack/atm_star.js in 0.001 s
[18:28:38] [INFO] Loaded script server_scripts:modpack/atm_star_creative.js in 0.003 s
[18:28:38] [INFO] Loaded script server_scripts:modpack/att_items.js in 0.001 s
[18:28:38] [INFO] Loaded script server_scripts:modpack/mini_portals.js in 0.001 s
[18:28:38] [INFO] Loaded script server_scripts:modpack/music_discs.js in 0.001 s
[18:28:38] [INFO] Loaded script server_scripts:modpack/patrick_star.js in 0.001 s
[18:28:38] [INFO] Loaded script server_scripts:mods/ad_astra/ad_astra.js in 0.0 s
[18:28:38] [INFO] Loaded script server_scripts:mods/ae/recipes.js in 0.001 s
[18:28:38] [INFO] Loaded script server_scripts:mods/angelring/angelring.js in 0.0 s
[18:28:38] [INFO] Loaded script server_scripts:mods/ars_nouveau/ars_nouveau.js in 0.0 s
[18:28:38] [INFO] Loaded script server_scripts:mods/buildinggadgets/recipes.js in 0.001 s
[18:28:38] [INFO] Loaded script server_scripts:mods/cataclysm/cataclysm.js in 0.0 s
[18:28:38] [INFO] mods/chemlib/blocks.js#1: Loaded Java class 'com.smashingmods.chemlib.registry.ItemRegistry'
[18:28:38] [INFO] Loaded script server_scripts:mods/chemlib/blocks.js in 0.003 s
[18:28:38] [INFO] Loaded script server_scripts:mods/computercraft/turtles.js in 0.0 s
[18:28:38] [INFO] Loaded script server_scripts:mods/create/create.js in 0.001 s
[18:28:38] [INFO] Loaded script server_scripts:mods/create/crushed_aluminum.js in 0.0 s
[18:28:38] [INFO] Loaded script server_scripts:mods/create/crushed_lead.js in 0.0 s
[18:28:38] [INFO] Loaded script server_scripts:mods/create/crushed_nickel.js in 0.0 s
[18:28:38] [INFO] Loaded script server_scripts:mods/create/crushed_osmium.js in 0.0 s
[18:28:38] [INFO] Loaded script server_scripts:mods/create/crushed_platinum.js in 0.0 s
[18:28:38] [INFO] Loaded script server_scripts:mods/create/crushed_silver.js in 0.0 s
[18:28:38] [INFO] Loaded script server_scripts:mods/create/crushed_tin.js in 0.0 s
[18:28:38] [INFO] Loaded script server_scripts:mods/create/crushed_uranium.js in 0.0 s
[18:28:38] [INFO] Loaded script server_scripts:mods/endermanoverhaul/tags.js in 0.0 s
[18:28:38] [INFO] Loaded script server_scripts:mods/entangled/recipes.js in 0.0 s
[18:28:38] [INFO] Loaded script server_scripts:mods/er2/extremereactors2.js in 0.0 s
[18:28:38] [INFO] Loaded script server_scripts:mods/evilcraft/evilcraft.js in 0.0 s
[18:28:38] [INFO] mods/farmingforblockheads/market.js#60: Loaded Java class 'net.blay09.mods.farmingforblockheads.api.FarmingForBlockheadsAPI'
[18:28:38] [INFO] Loaded script server_scripts:mods/farmingforblockheads/market.js in 0.002 s
[18:28:38] [INFO] Loaded script server_scripts:mods/ftbquests/customTask.js in 0.001 s
[18:28:38] [INFO] Loaded script server_scripts:mods/gtceu/gtceu.js in 0.0 s
[18:28:38] [INFO] Loaded script server_scripts:mods/gtceu/mega_fusion_recipes.js in 0.001 s
[18:28:38] [INFO] Loaded script server_scripts:mods/gtceu/micro_universe_orb_recipes.js in 0.001 s
[18:28:38] [INFO] mods/gtceu/mining_dim_ores.js#3: Loaded Java class 'com.gregtechceu.gtceu.api.data.worldgen.WorldGenLayers'
[18:28:38] [INFO] mods/gtceu/mining_dim_ores.js#4: Loaded Java class 'com.google.common.collect.HashBiMap'
[18:28:38] [INFO] mods/gtceu/mining_dim_ores.js#5: Loaded Java class 'com.gregtechceu.gtceu.api.data.worldgen.generator.VeinedVeinGenerator'
[18:28:38] [INFO] mods/gtceu/mining_dim_ores.js#6: Loaded Java class 'com.gregtechceu.gtceu.api.data.worldgen.generator.DikeVeinGenerator'
[18:28:38] [INFO] mods/gtceu/mining_dim_ores.js#7: Loaded Java class 'com.gregtechceu.gtceu.api.data.worldgen.generator.DikeVeinGenerator$DikeBlockDefinition'
[18:28:38] [INFO] Loaded script server_scripts:mods/gtceu/mining_dim_ores.js in 0.02 s
[18:28:38] [INFO] Loaded script server_scripts:mods/gtceu/starforge_recipes.js in 0.002 s
[18:28:38] [INFO] Loaded script server_scripts:mods/industrialforegoing/fluid_extractor.js in 0.0 s
[18:28:38] [INFO] Loaded script server_scripts:mods/industrialforegoing/industrial_foregoing.js in 0.001 s
[18:28:38] [INFO] Loaded script server_scripts:mods/mekanism/mekanism.js in 0.001 s
[18:28:38] [INFO] Loaded script server_scripts:mods/mekanism/mekanismServer.js in 0.002 s
[18:28:38] [INFO] Loaded script server_scripts:mods/mininggadgets/upgrade.js in 0.0 s
[18:28:38] [INFO] Loaded script server_scripts:mods/mob_grinding_utils/recipes.js in 0.001 s
[18:28:38] [INFO] Loaded script server_scripts:mods/mysticalagriculture/crafting.js in 0.001 s
[18:28:38] [INFO] mods/mysticalagriculture/crops.js#1: Loaded Java class 'com.blakebr0.mysticalagriculture.registry.CropRegistry'
[18:28:38] [INFO] Loaded script server_scripts:mods/mysticalagriculture/crops.js in 0.005 s
[18:28:38] [INFO] Loaded script server_scripts:mods/quarryplus/quarrying.js in 0.0 s
[18:28:38] [INFO] Loaded script server_scripts:mods/reliquary/reliquary.js in 0.001 s
[18:28:38] [INFO] Loaded script server_scripts:mods/rftools/builder.js in 0.0 s
[18:28:38] [INFO] Loaded script server_scripts:mods/silent_gear/salvager.js in 0.0 s
[18:28:38] [INFO] Loaded script server_scripts:mods/structure_compass/structure_compass.js in 0.0 s
[18:28:38] [INFO] Loaded script server_scripts:mods/sushigocrafting/sushigocrafting.js in 0.002 s
[18:28:38] [INFO] Loaded script server_scripts:mods/timeinabottle/recipes.js in 0.001 s
[18:28:38] [INFO] Loaded script server_scripts:mods/twilightforest/removals.js in 0.0 s
[18:28:38] [INFO] Loaded script server_scripts:quark.js in 0.002 s
[18:28:38] [INFO] Loaded script server_scripts:tags.js in 0.002 s
[18:28:38] [INFO] Loaded script server_scripts:xpFluids.js in 0.001 s
[18:28:38] [INFO] Loaded 69/69 KubeJS server scripts in 0.13 s
[18:28:38] [INFO] Scripts loaded
[18:28:38] [INFO] Initializing recipe event...
[18:28:42] [INFO] [minecraft:fluid] Found 103 tags, added 0 objects, removed 8 objects
[18:28:42] [INFO] [minecraft:entity_type] Found 183 tags, added 60 objects, removed 0 objects
[18:28:43] [INFO] tags.js#113: [minecraft:item] Found 4206 tags, added 112 objects, removed 0 objects
[18:28:43] [INFO] [minecraft:block] Found 1891 tags, added 284 objects, removed 0 objects
[18:28:59] [INFO] Processing recipes...
[18:29:00] [WARN] Failed to parse recipe 'twilightdelight:teardrop_sword[minecraft:smithing_transform]'! Falling back to vanilla: Ingredient 'template' can't be empty!
[18:29:00] [INFO] Found 72495 recipes in 671.1 ms
[18:29:03] [INFO] Posted recipe events in 2.850 s
[18:29:03] [WARN] Error parsing recipe mekanism:enriching/allthecompressed/sand/5x_to_5x_gravel[mekanism:enriching]: {"type":"mekanism:enriching","input":{"ingredient":{"item":"allthecompressed:sand_block_5x"}},"output":{"item":"allthecompressed:gravel_block_5x"},"conditions":[{"type":"forge:and","values":[{"type":"forge:not","value":{"type":"forge:mod_loaded","modid":"compressium"}},{"type":"forge:mod_loaded","modid":"mekanism"}]}]}: com.google.gson.JsonSyntaxException: Unknown item 'allthecompressed:sand_block_5x'
[18:29:03] [WARN] Error parsing recipe railways:sequenced_assembly/track_biomesoplenty_cherry_wide[create:sequenced_assembly]: {"fabric:load_conditions":[{"condition":"fabric:all_mods_loaded","values":["biomesoplenty"]}],"type":"create:sequenced_assembly","conditions":[{"type":"forge:mod_loaded","modid":"biomesoplenty"}],"ingredient":{"item":"railways:track_biomesoplenty_cherry"},"loops":1,"results":[{"item":"railways:track_biomesoplenty_cherry_wide"}],"sequence":[{"type":"create:cutting","ingredients":[{"item":"railways:track_incomplete_biomesoplenty_cherry_wide"}],"results":[{"item":"railways:track_incomplete_biomesoplenty_cherry_wide"}]},{"type":"create:deploying","ingredients":[{"item":"railways:track_incomplete_biomesoplenty_cherry_wide"},{"item":"biomesoplenty:cherry_slab"}],"results":[{"item":"railways:track_incomplete_biomesoplenty_cherry_wide"}]},{"type":"create:pressing","ingredients":[{"item":"railways:track_incomplete_biomesoplenty_cherry_wide"}],"results":[{"item":"railways:track_incomplete_biomesoplenty_cherry_wide"}]}],"transitionalItem":{"item":"railways:track_incomplete_biomesoplenty_cherry_wide"}}: com.google.gson.JsonSyntaxException: Unknown item 'biomesoplenty:cherry_slab'
[18:29:03] [WARN] Error parsing recipe immersiveengineering:crusher/allthecompressed/cobblestone/1x_to_1x_gravel[immersiveengineering:crusher]: {"type":"immersiveengineering:crusher","secondaries":[],"result":{"item":"allthecompressed:gravel_block_1x"},"input":{"item":"allthecompressed:cobblestone_block_1x"},"energy":4480,"conditions":[{"type":"forge:and","values":[{"type":"forge:not","value":{"type":"forge:mod_loaded","modid":"compressium"}},{"type":"forge:mod_loaded","modid":"immersiveengineering"}]}]}: com.google.gson.JsonSyntaxException: Unknown item 'allthecompressed:cobblestone_block_1x'
[18:29:03] [WARN] Error parsing recipe mekanism:crushing/allthecompressed/cobblestone/1x_to_1x_gravel[mekanism:crushing]: {"type":"mekanism:crushing","input":{"ingredient":{"item":"allthecompressed:cobblestone_block_1x"}},"output":{"item":"allthecompressed:gravel_block_1x"},"conditions":[{"type":"forge:and","values":[{"type":"forge:not","value":{"type":"forge:mod_loaded","modid":"compressium"}},{"type":"forge:mod_loaded","modid":"mekanism"}]}]}: com.google.gson.JsonSyntaxException: Unknown item 'allthecompressed:cobblestone_block_1x'
[18:29:03] [WARN] Error parsing recipe mekanism:crushing/allthecompressed/stone/3x_to_3x_cobblestone[mekanism:crushing]: {"type":"mekanism:crushing","input":{"ingredient":{"item":"allthecompressed:stone_block_3x"}},"output":{"item":"allthecompressed:cobblestone_block_3x"},"conditions":[{"type":"forge:and","values":[{"type":"forge:not","value":{"type":"forge:mod_loaded","modid":"compressium"}},{"type":"forge:mod_loaded","modid":"mekanism"}]}]}: com.google.gson.JsonSyntaxException: Unknown item 'allthecompressed:stone_block_3x'
[18:29:03] [WARN] Error parsing recipe create:cutting/compat/forbidden_arcanus/stripped_cherrywood_log[create:cutting]: {"type":"create:cutting","conditions":[{"type":"forge:mod_loaded","modid":"forbidden_arcanus"}],"ingredients":[{"item":"forbidden_arcanus:stripped_cherrywood_log"}],"processingTime":50,"results":[{"count":6,"item":"forbidden_arcanus:cherrywood_planks"}]}: com.google.gson.JsonSyntaxException: Unknown item 'forbidden_arcanus:stripped_cherrywood_log'
[18:29:03] [WARN] Error parsing recipe create:cutting/compat/biomesoplenty/cherry_log[create:cutting]: {"type":"create:cutting","conditions":[{"type":"forge:mod_loaded","modid":"biomesoplenty"}],"ingredients":[{"item":"biomesoplenty:cherry_log"}],"processingTime":50,"results":[{"item":"biomesoplenty:stripped_cherry_log"}]}: com.google.gson.JsonSyntaxException: Unknown item 'biomesoplenty:cherry_log'
[18:29:03] [WARN] Error parsing recipe mekanism:crushing/allthecompressed/cobblestone/9x_to_9x_gravel[mekanism:crushing]: {"type":"mekanism:crushing","input":{"ingredient":{"item":"allthecompressed:cobblestone_block_9x"}},"output":{"item":"allthecompressed:gravel_block_9x"},"conditions":[{"type":"forge:and","values":[{"type":"forge:not","value":{"type":"forge:mod_loaded","modid":"compressium"}},{"type":"forge:mod_loaded","modid":"mekanism"}]}]}: com.google.gson.JsonSyntaxException: Unknown item 'allthecompressed:cobblestone_block_9x'
[18:29:03] [WARN] Error parsing recipe immersiveengineering:crusher/allthecompressed/gravel/5x_to_5x_sand[immersiveengineering:crusher]: {"type":"immersiveengineering:crusher","secondaries":[],"result":{"item":"allthecompressed:sand_block_5x"},"input":{"item":"allthecompressed:gravel_block_5x"},"energy":9600,"conditions":[{"type":"forge:and","values":[{"type":"forge:not","value":{"type":"forge:mod_loaded","modid":"compressium"}},{"type":"forge:mod_loaded","modid":"immersiveengineering"}]}]}: com.google.gson.JsonSyntaxException: Unknown item 'allthecompressed:gravel_block_5x'
[18:29:03] [WARN] Error parsing recipe railways:sequenced_assembly/track_blue_skies_cherry_wide[create:sequenced_assembly]: {"fabric:load_conditions":[{"condition":"fabric:all_mods_loaded","values":["blue_skies"]}],"type":"create:sequenced_assembly","conditions":[{"type":"forge:mod_loaded","modid":"blue_skies"}],"ingredient":{"item":"railways:track_blue_skies_cherry"},"loops":1,"results":[{"item":"railways:track_blue_skies_cherry_wide"}],"sequence":[{"type":"create:cutting","ingredients":[{"item":"railways:track_incomplete_blue_skies_cherry_wide"}],"results":[{"item":"railways:track_incomplete_blue_skies_cherry_wide"}]},{"type":"create:deploying","ingredients":[{"item":"railways:track_incomplete_blue_skies_cherry_wide"},{"item":"blue_skies:cherry_slab"}],"results":[{"item":"railways:track_incomplete_blue_skies_cherry_wide"}]},{"type":"create:pressing","ingredients":[{"item":"railways:track_incomplete_blue_skies_cherry_wide"}],"results":[{"item":"railways:track_incomplete_blue_skies_cherry_wide"}]}],"transitionalItem":{"item":"railways:track_incomplete_blue_skies_cherry_wide"}}: com.google.gson.JsonSyntaxException: Unknown item 'blue_skies:cherry_slab'
[18:29:03] [WARN] Error parsing recipe mekanism:enriching/allthecompressed/red_sand/2x_to_2x_gravel[mekanism:enriching]: {"type":"mekanism:enriching","input":{"ingredient":{"item":"allthecompressed:red_sand_block_3x"}},"output":{"item":"allthecompressed:gravel_block_3x"},"conditions":[{"type":"forge:and","values":[{"type":"forge:not","value":{"type":"forge:mod_loaded","modid":"compressium"}},{"type":"forge:mod_loaded","modid":"mekanism"}]}]}: com.google.gson.JsonSyntaxException: Unknown item 'allthecompressed:red_sand_block_3x'
[18:29:03] [WARN] Error parsing recipe create:cutting/compat/biomesoplenty/stripped_cherry_wood[create:cutting]: {"type":"create:cutting","conditions":[{"type":"forge:mod_loaded","modid":"biomesoplenty"}],"ingredients":[{"item":"biomesoplenty:stripped_cherry_wood"}],"processingTime":50,"results":[{"count":6,"item":"biomesoplenty:cherry_planks"}]}: com.google.gson.JsonSyntaxException: Unknown item 'biomesoplenty:stripped_cherry_wood'
[18:29:03] [WARN] Error parsing recipe mekanism:crushing/allthecompressed/stone/6x_to_6x_cobblestone[mekanism:crushing]: {"type":"mekanism:crushing","input":{"ingredient":{"item":"allthecompressed:stone_block_6x"}},"output":{"item":"allthecompressed:cobblestone_block_6x"},"conditions":[{"type":"forge:and","values":[{"type":"forge:not","value":{"type":"forge:mod_loaded","modid":"compressium"}},{"type":"forge:mod_loaded","modid":"mekanism"}]}]}: com.google.gson.JsonSyntaxException: Unknown item 'allthecompressed:stone_block_6x'
[18:29:03] [WARN] Error parsing recipe immersiveengineering:crusher/allthecompressed/gravel/3x_to_3x_sand[immersiveengineering:crusher]: {"type":"immersiveengineering:crusher","secondaries":[],"result":{"item":"allthecompressed:sand_block_3x"},"input":{"item":"allthecompressed:gravel_block_3x"},"energy":7040,"conditions":[{"type":"forge:and","values":[{"type":"forge:not","value":{"type":"forge:mod_loaded","modid":"compressium"}},{"type":"forge:mod_loaded","modid":"immersiveengineering"}]}]}: com.google.gson.JsonSyntaxException: Unknown item 'allthecompressed:gravel_block_3x'
[18:29:03] [WARN] Error parsing recipe mekanism:crushing/allthecompressed/gravel/9x_to_9x_sand[mekanism:crushing]: {"type":"mekanism:crushing","input":{"ingredient":{"item":"allthecompressed:gravel_block_9x"}},"output":{"item":"allthecompressed:sand_block_9x"},"conditions":[{"type":"forge:and","values":[{"type":"forge:not","value":{"type":"forge:mod_loaded","modid":"compressium"}},{"type":"forge:mod_loaded","modid":"mekanism"}]}]}: com.google.gson.JsonSyntaxException: Unknown item 'allthecompressed:gravel_block_9x'
[18:29:03] [WARN] Error parsing recipe immersiveengineering:crusher/allthecompressed/cobblestone/5x_to_5x_gravel[immersiveengineering:crusher]: {"type":"immersiveengineering:crusher","secondaries":[],"result":{"item":"allthecompressed:gravel_block_5x"},"input":{"item":"allthecompressed:cobblestone_block_5x"},"energy":9600,"conditions":[{"type":"forge:and","values":[{"type":"forge:not","value":{"type":"forge:mod_loaded","modid":"compressium"}},{"type":"forge:mod_loaded","modid":"immersiveengineering"}]}]}: com.google.gson.JsonSyntaxException: Unknown item 'allthecompressed:cobblestone_block_5x'
[18:29:03] [WARN] Error parsing recipe immersiveengineering:crusher/allthecompressed/gravel/4x_to_4x_sand[immersiveengineering:crusher]: {"type":"immersiveengineering:crusher","secondaries":[],"result":{"item":"allthecompressed:sand_block_4x"},"input":{"item":"allthecompressed:gravel_block_4x"},"energy":8320,"conditions":[{"type":"forge:and","values":[{"type":"forge:not","value":{"type":"forge:mod_loaded","modid":"compressium"}},{"type":"forge:mod_loaded","modid":"immersiveengineering"}]}]}: com.google.gson.JsonSyntaxException: Unknown item 'allthecompressed:gravel_block_4x'
[18:29:03] [WARN] Error parsing recipe mekanism:crushing/allthecompressed/gravel/5x_to_5x_sand[mekanism:crushing]: {"type":"mekanism:crushing","input":{"ingredient":{"item":"allthecompressed:gravel_block_5x"}},"output":{"item":"allthecompressed:sand_block_5x"},"conditions":[{"type":"forge:and","values":[{"type":"forge:not","value":{"type":"forge:mod_loaded","modid":"compressium"}},{"type":"forge:mod_loaded","modid":"mekanism"}]}]}: com.google.gson.JsonSyntaxException: Unknown item 'allthecompressed:gravel_block_5x'
[18:29:03] [WARN] Error parsing recipe immersiveengineering:crusher/allthecompressed/glass/9x_to_9x_sand[immersiveengineering:crusher]: {"type":"immersiveengineering:crusher","secondaries":[],"result":{"item":"allthecompressed:sand_block_9x"},"input":{"item":"allthecompressed:glass_block_9x"},"energy":14720,"conditions":[{"type":"forge:and","values":[{"type":"forge:not","value":{"type":"forge:mod_loaded","modid":"compressium"}},{"type":"forge:mod_loaded","modid":"immersiveengineering"}]}]}: com.google.gson.JsonSyntaxException: Unknown item 'allthecompressed:glass_block_9x'
[18:29:03] [WARN] Error parsing recipe mekanism:crushing/allthecompressed/stone/4x_to_4x_cobblestone[mekanism:crushing]: {"type":"mekanism:crushing","input":{"ingredient":{"item":"allthecompressed:stone_block_4x"}},"output":{"item":"allthecompressed:cobblestone_block_4x"},"conditions":[{"type":"forge:and","values":[{"type":"forge:not","value":{"type":"forge:mod_loaded","modid":"compressium"}},{"type":"forge:mod_loaded","modid":"mekanism"}]}]}: com.google.gson.JsonSyntaxException: Unknown item 'allthecompressed:stone_block_4x'
[18:29:03] [WARN] Error parsing recipe mekanism:enriching/allthecompressed/red_sand/1x_to_1x_gravel[mekanism:enriching]: {"type":"mekanism:enriching","input":{"ingredient":{"item":"allthecompressed:red_sand_block_1x"}},"output":{"item":"allthecompressed:gravel_block_1x"},"conditions":[{"type":"forge:and","values":[{"type":"forge:not","value":{"type":"forge:mod_loaded","modid":"compressium"}},{"type":"forge:mod_loaded","modid":"mekanism"}]}]}: com.google.gson.JsonSyntaxException: Unknown item 'allthecompressed:red_sand_block_1x'
[18:29:03] [WARN] Error parsing recipe mekanism:enriching/allthecompressed/sand/4x_to_4x_gravel[mekanism:enriching]: {"type":"mekanism:enriching","input":{"ingredient":{"item":"allthecompressed:sand_block_4x"}},"output":{"item":"allthecompressed:gravel_block_4x"},"conditions":[{"type":"forge:and","values":[{"type":"forge:not","value":{"type":"forge:mod_loaded","modid":"compressium"}},{"type":"forge:mod_loaded","modid":"mekanism"}]}]}: com.google.gson.JsonSyntaxException: Unknown item 'allthecompressed:sand_block_4x'
[18:29:03] [WARN] Error parsing recipe mekanism:crushing/allthecompressed/gravel/7x_to_7x_sand[mekanism:crushing]: {"type":"mekanism:crushing","input":{"ingredient":{"item":"allthecompressed:gravel_block_7x"}},"output":{"item":"allthecompressed:sand_block_7x"},"conditions":[{"type":"forge:and","values":[{"type":"forge:not","value":{"type":"forge:mod_loaded","modid":"compressium"}},{"type":"forge:mod_loaded","modid":"mekanism"}]}]}: com.google.gson.JsonSyntaxException: Unknown item 'allthecompressed:gravel_block_7x'
[18:29:03] [WARN] Error parsing recipe mekanism:enriching/allthecompressed/red_sand/6x_to_6x_gravel[mekanism:enriching]: {"type":"mekanism:enriching","input":{"ingredient":{"item":"allthecompressed:red_sand_block_6x"}},"output":{"item":"allthecompressed:gravel_block_6x"},"conditions":[{"type":"forge:and","values":[{"type":"forge:not","value":{"type":"forge:mod_loaded","modid":"compressium"}},{"type":"forge:mod_loaded","modid":"mekanism"}]}]}: com.google.gson.JsonSyntaxException: Unknown item 'allthecompressed:red_sand_block_6x'
[18:29:03] [WARN] Error parsing recipe mekanism:crushing/allthecompressed/gravel/4x_to_4x_sand[mekanism:crushing]: {"type":"mekanism:crushing","input":{"ingredient":{"item":"allthecompressed:gravel_block_4x"}},"output":{"item":"allthecompressed:sand_block_4x"},"conditions":[{"type":"forge:and","values":[{"type":"forge:not","value":{"type":"forge:mod_loaded","modid":"compressium"}},{"type":"forge:mod_loaded","modid":"mekanism"}]}]}: com.google.gson.JsonSyntaxException: Unknown item 'allthecompressed:gravel_block_4x'
[18:29:03] [WARN] Error parsing recipe mekanism:crushing/allthecompressed/cobblestone/4x_to_4x_gravel[mekanism:crushing]: {"type":"mekanism:crushing","input":{"ingredient":{"item":"allthecompressed:cobblestone_block_4x"}},"output":{"item":"allthecompressed:gravel_block_4x"},"conditions":[{"type":"forge:and","values":[{"type":"forge:not","value":{"type":"forge:mod_loaded","modid":"compressium"}},{"type":"forge:mod_loaded","modid":"mekanism"}]}]}: com.google.gson.JsonSyntaxException: Unknown item 'allthecompressed:cobblestone_block_4x'
[18:29:03] [WARN] Error parsing recipe railways:sequenced_assembly/track_biomesoplenty_cherry[create:sequenced_assembly]: {"fabric:load_conditions":[{"condition":"fabric:all_mods_loaded","values":["biomesoplenty"]}],"type":"create:sequenced_assembly","conditions":[{"type":"forge:mod_loaded","modid":"biomesoplenty"}],"ingredient":{"item":"biomesoplenty:cherry_slab"},"loops":1,"results":[{"item":"railways:track_biomesoplenty_cherry"}],"sequence":[{"type":"create:deploying","ingredients":[{"item":"railways:track_incomplete_biomesoplenty_cherry"},[{"tag":"railways:internal/nuggets/iron_nuggets"},{"tag":"railways:internal/nuggets/zinc_nuggets"}]],"results":[{"item":"railways:track_incomplete_biomesoplenty_cherry"}]},{"type":"create:deploying","ingredients":[{"item":"railways:track_incomplete_biomesoplenty_cherry"},[{"tag":"railways:internal/nuggets/iron_nuggets"},{"tag":"railways:internal/nuggets/zinc_nuggets"}]],"results":[{"item":"railways:track_incomplete_biomesoplenty_cherry"}]},{"type":"create:pressing","ingredients":[{"item":"railways:track_incomplete_biomesoplenty_cherry"}],"results":[{"item":"railways:track_incomplete_biomesoplenty_cherry"}]}],"transitionalItem":{"item":"railways:track_incomplete_biomesoplenty_cherry"}}: com.google.gson.JsonSyntaxException: Unknown item 'biomesoplenty:cherry_slab'
[18:29:03] [WARN] Error parsing recipe create:cutting/compat/blue_skies/stripped_cherry_wood[create:cutting]: {"type":"create:cutting","conditions":[{"type":"forge:mod_loaded","modid":"blue_skies"}],"ingredients":[{"item":"blue_skies:stripped_cherry_wood"}],"processingTime":50,"results":[{"count":6,"item":"blue_skies:cherry_planks"}]}: com.google.gson.JsonSyntaxException: Unknown item 'blue_skies:stripped_cherry_wood'
[18:29:03] [WARN] Error parsing recipe botanypots:immersiveengineering/crop/hemp[botanypots:crop]: {"bookshelf:load_conditions":[{"type":"bookshelf:item_exists","values":["immersiveengineering:seed"]}],"type":"botanypots:crop","seed":{"item":"immersiveengineering:seed"},"categories":["dirt"],"growthTicks":1600,"display":[{"block":"immersiveengineering:hemp","properties":{"growth":"bottom4"}},{"block":"immersiveengineering:hemp","properties":{"growth":"top0"}}],"drops":[{"chance":1.0,"output":{"item":"immersiveengineering:hemp_fiber"},"minRolls":1,"maxRolls":3},{"chance":0.05,"output":{"item":"immersiveengineering:seed"},"minRolls":1,"maxRolls":2}]}: com.google.gson.JsonSyntaxException: The property growth is not valid for block immersiveengineering:hemp
[18:29:03] [WARN] Error parsing recipe immersiveengineering:crusher/allthecompressed/cobblestone/8x_to_8x_gravel[immersiveengineering:crusher]: {"type":"immersiveengineering:crusher","secondaries":[],"result":{"item":"allthecompressed:gravel_block_8x"},"input":{"item":"allthecompressed:cobblestone_block_8x"},"energy":13440,"conditions":[{"type":"forge:and","values":[{"type":"forge:not","value":{"type":"forge:mod_loaded","modid":"compressium"}},{"type":"forge:mod_loaded","modid":"immersiveengineering"}]}]}: com.google.gson.JsonSyntaxException: Unknown item 'allthecompressed:cobblestone_block_8x'
[18:29:03] [WARN] Error parsing recipe immersiveengineering:crusher/allthecompressed/glass/1x_to_1x_sand[immersiveengineering:crusher]: {"type":"immersiveengineering:crusher","secondaries":[],"result":{"item":"allthecompressed:sand_block_1x"},"input":{"item":"allthecompressed:glass_block_1x"},"energy":4480,"conditions":[{"type":"forge:and","values":[{"type":"forge:not","value":{"type":"forge:mod_loaded","modid":"compressium"}},{"type":"forge:mod_loaded","modid":"immersiveengineering"}]}]}: com.google.gson.JsonSyntaxException: Unknown item 'allthecompressed:glass_block_1x'
[18:29:03] [WARN] Error parsing recipe immersiveengineering:crusher/allthecompressed/cobblestone/7x_to_7x_gravel[immersiveengineering:crusher]: {"type":"immersiveengineering:crusher","secondaries":[],"result":{"item":"allthecompressed:gravel_block_7x"},"input":{"item":"allthecompressed:cobblestone_block_7x"},"energy":12160,"conditions":[{"type":"forge:and","values":[{"type":"forge:not","value":{"type":"forge:mod_loaded","modid":"compressium"}},{"type":"forge:mod_loaded","modid":"immersiveengineering"}]}]}: com.google.gson.JsonSyntaxException: Unknown item 'allthecompressed:cobblestone_block_7x'
[18:29:03] [WARN] Error parsing recipe mekanism:crushing/allthecompressed/gravel/8x_to_8x_sand[mekanism:crushing]: {"type":"mekanism:crushing","input":{"ingredient":{"item":"allthecompressed:gravel_block_8x"}},"output":{"item":"allthecompressed:sand_block_8x"},"conditions":[{"type":"forge:and","values":[{"type":"forge:not","value":{"type":"forge:mod_loaded","modid":"compressium"}},{"type":"forge:mod_loaded","modid":"mekanism"}]}]}: com.google.gson.JsonSyntaxException: Unknown item 'allthecompressed:gravel_block_8x'
[18:29:03] [WARN] Error parsing recipe mekanism:enriching/allthecompressed/sand/3x_to_3x_gravel[mekanism:enriching]: {"type":"mekanism:enriching","input":{"ingredient":{"item":"allthecompressed:sand_block_3x"}},"output":{"item":"allthecompressed:gravel_block_3x"},"conditions":[{"type":"forge:and","values":[{"type":"forge:not","value":{"type":"forge:mod_loaded","modid":"compressium"}},{"type":"forge:mod_loaded","modid":"mekanism"}]}]}: com.google.gson.JsonSyntaxException: Unknown item 'allthecompressed:sand_block_3x'
[18:29:03] [WARN] Error parsing recipe immersiveengineering:crusher/allthecompressed/cobblestone/9x_to_9x_gravel[immersiveengineering:crusher]: {"type":"immersiveengineering:crusher","secondaries":[],"result":{"item":"allthecompressed:gravel_block_9x"},"input":{"item":"allthecompressed:cobblestone_block_9x"},"energy":14720,"conditions":[{"type":"forge:and","values":[{"type":"forge:not","value":{"type":"forge:mod_loaded","modid":"compressium"}},{"type":"forge:mod_loaded","modid":"immersiveengineering"}]}]}: com.google.gson.JsonSyntaxException: Unknown item 'allthecompressed:cobblestone_block_9x'
[18:29:03] [WARN] Error parsing recipe mekanism:enriching/allthecompressed/red_sand/4x_to_4x_gravel[mekanism:enriching]: {"type":"mekanism:enriching","input":{"ingredient":{"item":"allthecompressed:red_sand_block_4x"}},"output":{"item":"allthecompressed:gravel_block_4x"},"conditions":[{"type":"forge:and","values":[{"type":"forge:not","value":{"type":"forge:mod_loaded","modid":"compressium"}},{"type":"forge:mod_loaded","modid":"mekanism"}]}]}: com.google.gson.JsonSyntaxException: Unknown item 'allthecompressed:red_sand_block_4x'
[18:29:03] [WARN] Error parsing recipe railways:sequenced_assembly/track_blue_skies_cherry_narrow[create:sequenced_assembly]: {"fabric:load_conditions":[{"condition":"fabric:all_mods_loaded","values":["blue_skies"]}],"type":"create:sequenced_assembly","conditions":[{"type":"forge:mod_loaded","modid":"blue_skies"}],"ingredient":{"item":"blue_skies:cherry_slab"},"loops":1,"results":[{"item":"railways:track_blue_skies_cherry_narrow"}],"sequence":[{"type":"create:cutting","ingredients":[{"item":"railways:track_incomplete_blue_skies_cherry_narrow"}],"results":[{"item":"railways:track_incomplete_blue_skies_cherry_narrow"}]},{"type":"create:deploying","ingredients":[{"item":"railways:track_incomplete_blue_skies_cherry_narrow"},[{"tag":"railways:internal/nuggets/iron_nuggets"},{"tag":"railways:internal/nuggets/zinc_nuggets"}]],"results":[{"item":"railways:track_incomplete_blue_skies_cherry_narrow"}]},{"type":"create:pressing","ingredients":[{"item":"railways:track_incomplete_blue_skies_cherry_narrow"}],"results":[{"item":"railways:track_incomplete_blue_skies_cherry_narrow"}]}],"transitionalItem":{"item":"railways:track_incomplete_blue_skies_cherry_narrow"}}: com.google.gson.JsonSyntaxException: Unknown item 'blue_skies:cherry_slab'
[18:29:03] [WARN] Error parsing recipe mekanism:crushing/allthecompressed/stone/9x_to_9x_cobblestone[mekanism:crushing]: {"type":"mekanism:crushing","input":{"ingredient":{"item":"allthecompressed:stone_block_9x"}},"output":{"item":"allthecompressed:cobblestone_block_9x"},"conditions":[{"type":"forge:and","values":[{"type":"forge:not","value":{"type":"forge:mod_loaded","modid":"compressium"}},{"type":"forge:mod_loaded","modid":"mekanism"}]}]}: com.google.gson.JsonSyntaxException: Unknown item 'allthecompressed:stone_block_9x'
[18:29:03] [WARN] Error parsing recipe mekanism:enriching/allthecompressed/sand/8x_to_8x_gravel[mekanism:enriching]: {"type":"mekanism:enriching","input":{"ingredient":{"item":"allthecompressed:sand_block_8x"}},"output":{"item":"allthecompressed:gravel_block_8x"},"conditions":[{"type":"forge:and","values":[{"type":"forge:not","value":{"type":"forge:mod_loaded","modid":"compressium"}},{"type":"forge:mod_loaded","modid":"mekanism"}]}]}: com.google.gson.JsonSyntaxException: Unknown item 'allthecompressed:sand_block_8x'
[18:29:03] [WARN] Error parsing recipe mekanism:crushing/allthecompressed/stone/5x_to_5x_cobblestone[mekanism:crushing]: {"type":"mekanism:crushing","input":{"ingredient":{"item":"allthecompressed:stone_block_5x"}},"output":{"item":"allthecompressed:cobblestone_block_5x"},"conditions":[{"type":"forge:and","values":[{"type":"forge:not","value":{"type":"forge:mod_loaded","modid":"compressium"}},{"type":"forge:mod_loaded","modid":"mekanism"}]}]}: com.google.gson.JsonSyntaxException: Unknown item 'allthecompressed:stone_block_5x'
[18:29:03] [WARN] Error parsing recipe mekanism:enriching/allthecompressed/red_sand/8x_to_8x_gravel[mekanism:enriching]: {"type":"mekanism:enriching","input":{"ingredient":{"item":"allthecompressed:red_sand_block_8x"}},"output":{"item":"allthecompressed:gravel_block_8x"},"conditions":[{"type":"forge:and","values":[{"type":"forge:not","value":{"type":"forge:mod_loaded","modid":"compressium"}},{"type":"forge:mod_loaded","modid":"mekanism"}]}]}: com.google.gson.JsonSyntaxException: Unknown item 'allthecompressed:red_sand_block_8x'
[18:29:03] [WARN] Error parsing recipe mekanism:crushing/allthecompressed/gravel/3x_to_3x_sand[mekanism:crushing]: {"type":"mekanism:crushing","input":{"ingredient":{"item":"allthecompressed:gravel_block_3x"}},"output":{"item":"allthecompressed:sand_block_3x"},"conditions":[{"type":"forge:and","values":[{"type":"forge:not","value":{"type":"forge:mod_loaded","modid":"compressium"}},{"type":"forge:mod_loaded","modid":"mekanism"}]}]}: com.google.gson.JsonSyntaxException: Unknown item 'allthecompressed:gravel_block_3x'
[18:29:03] [WARN] Error parsing recipe create:cutting/compat/forbidden_arcanus/stripped_cherrywood[create:cutting]: {"type":"create:cutting","conditions":[{"type":"forge:mod_loaded","modid":"forbidden_arcanus"}],"ingredients":[{"item":"forbidden_arcanus:stripped_cherrywood"}],"processingTime":50,"results":[{"count":6,"item":"forbidden_arcanus:cherrywood_planks"}]}: com.google.gson.JsonSyntaxException: Unknown item 'forbidden_arcanus:stripped_cherrywood'
[18:29:03] [WARN] Error parsing recipe powah:energizing/allthecompressed/blazing_crystal/1x[powah:energizing]: {"type":"powah:energizing","ingredients":[{"item":"allthecompressed:blaze_rod_block_1x"}],"energy":7290000,"result":{"item":"allthecompressed:blazing_crystal_block_1x"},"conditions":[{"type":"forge:mod_loaded","modid":"powah"}]}: com.google.gson.JsonSyntaxException: Unknown item 'allthecompressed:blaze_rod_block_1x'
[18:29:03] [WARN] Error parsing recipe powah:energizing/allthecompressed/blazing_crystal/2x[powah:energizing]: {"type":"powah:energizing","ingredients":[{"item":"allthecompressed:blaze_rod_block_2x"}],"energy":65610000,"result":{"item":"allthecompressed:blazing_crystal_block_2x"},"conditions":[{"type":"forge:mod_loaded","modid":"powah"}]}: com.google.gson.JsonSyntaxException: Unknown item 'allthecompressed:blaze_rod_block_2x'
[18:29:03] [WARN] Error parsing recipe powah:energizing/allthecompressed/blazing_crystal/3x[powah:energizing]: {"type":"powah:energizing","ingredients":[{"item":"allthecompressed:blaze_rod_block_3x"}],"energy":590490000,"result":{"item":"allthecompressed:blazing_crystal_block_3x"},"conditions":[{"type":"forge:mod_loaded","modid":"powah"}]}: com.google.gson.JsonSyntaxException: Unknown item 'allthecompressed:blaze_rod_block_3x'
[18:29:03] [WARN] Error parsing recipe create:cutting/compat/forbidden_arcanus/stripped_mysterywood[create:cutting]: {"type":"create:cutting","conditions":[{"type":"forge:mod_loaded","modid":"forbidden_arcanus"}],"ingredients":[{"item":"forbidden_arcanus:stripped_mysterywood"}],"processingTime":50,"results":[{"count":6,"item":"forbidden_arcanus:mysterywood_planks"}]}: com.google.gson.JsonSyntaxException: Unknown item 'forbidden_arcanus:stripped_mysterywood'
[18:29:03] [WARN] Error parsing recipe create:cutting/compat/biomesoplenty/cherry_wood[create:cutting]: {"type":"create:cutting","conditions":[{"type":"forge:mod_loaded","modid":"biomesoplenty"}],"ingredients":[{"item":"biomesoplenty:cherry_wood"}],"processingTime":50,"results":[{"item":"biomesoplenty:stripped_cherry_wood"}]}: com.google.gson.JsonSyntaxException: Unknown item 'biomesoplenty:cherry_wood'
[18:29:03] [WARN] Error parsing recipe immersiveengineering:crusher/allthecompressed/glass/4x_to_4x_sand[immersiveengineering:crusher]: {"type":"immersiveengineering:crusher","secondaries":[],"result":{"item":"allthecompressed:sand_block_4x"},"input":{"item":"allthecompressed:glass_block_4x"},"energy":8320,"conditions":[{"type":"forge:and","values":[{"type":"forge:not","value":{"type":"forge:mod_loaded","modid":"compressium"}},{"type":"forge:mod_loaded","modid":"immersiveengineering"}]}]}: com.google.gson.JsonSyntaxException: Unknown item 'allthecompressed:glass_block_4x'
[18:29:03] [WARN] Error parsing recipe mekanism:crushing/allthecompressed/gravel/6x_to_6x_sand[mekanism:crushing]: {"type":"mekanism:crushing","input":{"ingredient":{"item":"allthecompressed:gravel_block_6x"}},"output":{"item":"allthecompressed:sand_block_6x"},"conditions":[{"type":"forge:and","values":[{"type":"forge:not","value":{"type":"forge:mod_loaded","modid":"compressium"}},{"type":"forge:mod_loaded","modid":"mekanism"}]}]}: com.google.gson.JsonSyntaxException: Unknown item 'allthecompressed:gravel_block_6x'
[18:29:03] [WARN] Error parsing recipe create:cutting/compat/forbidden_arcanus/mysterywood_log[create:cutting]: {"type":"create:cutting","conditions":[{"type":"forge:mod_loaded","modid":"forbidden_arcanus"}],"ingredients":[{"item":"forbidden_arcanus:mysterywood_log"}],"processingTime":50,"results":[{"item":"forbidden_arcanus:stripped_mysterywood_log"}]}: com.google.gson.JsonSyntaxException: Unknown item 'forbidden_arcanus:mysterywood_log'
[18:29:03] [WARN] Error parsing recipe create:cutting/compat/blue_skies/stripped_cherry_log[create:cutting]: {"type":"create:cutting","conditions":[{"type":"forge:mod_loaded","modid":"blue_skies"}],"ingredients":[{"item":"blue_skies:stripped_cherry_log"}],"processingTime":50,"results":[{"count":6,"item":"blue_skies:cherry_planks"}]}: com.google.gson.JsonSyntaxException: Unknown item 'blue_skies:stripped_cherry_log'
[18:29:03] [WARN] Error parsing recipe immersiveengineering:crusher/allthecompressed/glass/2x_to_2x_sand[immersiveengineering:crusher]: {"type":"immersiveengineering:crusher","secondaries":[],"result":{"item":"allthecompressed:sand_block_2x"},"input":{"item":"allthecompressed:glass_block_2x"},"energy":5760,"conditions":[{"type":"forge:and","values":[{"type":"forge:not","value":{"type":"forge:mod_loaded","modid":"compressium"}},{"type":"forge:mod_loaded","modid":"immersiveengineering"}]}]}: com.google.gson.JsonSyntaxException: Unknown item 'allthecompressed:glass_block_2x'
[18:29:03] [WARN] Error parsing recipe immersiveengineering:crusher/allthecompressed/glass/3x_to_3x_sand[immersiveengineering:crusher]: {"type":"immersiveengineering:crusher","secondaries":[],"result":{"item":"allthecompressed:sand_block_3x"},"input":{"item":"allthecompressed:glass_block_3x"},"energy":7040,"conditions":[{"type":"forge:and","values":[{"type":"forge:not","value":{"type":"forge:mod_loaded","modid":"compressium"}},{"type":"forge:mod_loaded","modid":"immersiveengineering"}]}]}: com.google.gson.JsonSyntaxException: Unknown item 'allthecompressed:glass_block_3x'
[18:29:03] [WARN] Error parsing recipe create:cutting/compat/blue_skies/cherry_wood[create:cutting]: {"type":"create:cutting","conditions":[{"type":"forge:mod_loaded","modid":"blue_skies"}],"ingredients":[{"item":"blue_skies:cherry_wood"}],"processingTime":50,"results":[{"item":"blue_skies:stripped_cherry_wood"}]}: com.google.gson.JsonSyntaxException: Unknown item 'blue_skies:cherry_wood'
[18:29:03] [WARN] Error parsing recipe immersiveengineering:crusher/allthecompressed/glass/8x_to_8x_sand[immersiveengineering:crusher]: {"type":"immersiveengineering:crusher","secondaries":[],"result":{"item":"allthecompressed:sand_block_8x"},"input":{"item":"allthecompressed:glass_block_8x"},"energy":13440,"conditions":[{"type":"forge:and","values":[{"type":"forge:not","value":{"type":"forge:mod_loaded","modid":"compressium"}},{"type":"forge:mod_loaded","modid":"immersiveengineering"}]}]}: com.google.gson.JsonSyntaxException: Unknown item 'allthecompressed:glass_block_8x'
[18:29:03] [WARN] Error parsing recipe immersiveengineering:crusher/allthecompressed/gravel/6x_to_6x_sand[immersiveengineering:crusher]: {"type":"immersiveengineering:crusher","secondaries":[],"result":{"item":"allthecompressed:sand_block_6x"},"input":{"item":"allthecompressed:gravel_block_6x"},"energy":10880,"conditions":[{"type":"forge:and","values":[{"type":"forge:not","value":{"type":"forge:mod_loaded","modid":"compressium"}},{"type":"forge:mod_loaded","modid":"immersiveengineering"}]}]}: com.google.gson.JsonSyntaxException: Unknown item 'allthecompressed:gravel_block_6x'
[18:29:03] [WARN] Error parsing recipe mekanism:crushing/allthecompressed/stone/8x_to_8x_cobblestone[mekanism:crushing]: {"type":"mekanism:crushing","input":{"ingredient":{"item":"allthecompressed:stone_block_8x"}},"output":{"item":"allthecompressed:cobblestone_block_8x"},"conditions":[{"type":"forge:and","values":[{"type":"forge:not","value":{"type":"forge:mod_loaded","modid":"compressium"}},{"type":"forge:mod_loaded","modid":"mekanism"}]}]}: com.google.gson.JsonSyntaxException: Unknown item 'allthecompressed:stone_block_8x'
[18:29:03] [WARN] Error parsing recipe mekanism:enriching/allthecompressed/sand/1x_to_1x_gravel[mekanism:enriching]: {"type":"mekanism:enriching","input":{"ingredient":{"item":"allthecompressed:sand_block_1x"}},"output":{"item":"allthecompressed:gravel_block_1x"},"conditions":[{"type":"forge:and","values":[{"type":"forge:not","value":{"type":"forge:mod_loaded","modid":"compressium"}},{"type":"forge:mod_loaded","modid":"mekanism"}]}]}: com.google.gson.JsonSyntaxException: Unknown item 'allthecompressed:sand_block_1x'
[18:29:03] [WARN] Error parsing recipe immersiveengineering:crusher/allthecompressed/gravel/7x_to_7x_sand[immersiveengineering:crusher]: {"type":"immersiveengineering:crusher","secondaries":[],"result":{"item":"allthecompressed:sand_block_7x"},"input":{"item":"allthecompressed:gravel_block_7x"},"energy":12160,"conditions":[{"type":"forge:and","values":[{"type":"forge:not","value":{"type":"forge:mod_loaded","modid":"compressium"}},{"type":"forge:mod_loaded","modid":"immersiveengineering"}]}]}: com.google.gson.JsonSyntaxException: Unknown item 'allthecompressed:gravel_block_7x'
[18:29:03] [WARN] Error parsing recipe railways:sequenced_assembly/track_blue_skies_cherry[create:sequenced_assembly]: {"fabric:load_conditions":[{"condition":"fabric:all_mods_loaded","values":["blue_skies"]}],"type":"create:sequenced_assembly","conditions":[{"type":"forge:mod_loaded","modid":"blue_skies"}],"ingredient":{"item":"blue_skies:cherry_slab"},"loops":1,"results":[{"item":"railways:track_blue_skies_cherry"}],"sequence":[{"type":"create:deploying","ingredients":[{"item":"railways:track_incomplete_blue_skies_cherry"},[{"tag":"railways:internal/nuggets/iron_nuggets"},{"tag":"railways:internal/nuggets/zinc_nuggets"}]],"results":[{"item":"railways:track_incomplete_blue_skies_cherry"}]},{"type":"create:deploying","ingredients":[{"item":"railways:track_incomplete_blue_skies_cherry"},[{"tag":"railways:internal/nuggets/iron_nuggets"},{"tag":"railways:internal/nuggets/zinc_nuggets"}]],"results":[{"item":"railways:track_incomplete_blue_skies_cherry"}]},{"type":"create:pressing","ingredients":[{"item":"railways:track_incomplete_blue_skies_cherry"}],"results":[{"item":"railways:track_incomplete_blue_skies_cherry"}]}],"transitionalItem":{"item":"railways:track_incomplete_blue_skies_cherry"}}: com.google.gson.JsonSyntaxException: Unknown item 'blue_skies:cherry_slab'
[18:29:03] [WARN] Error parsing recipe immersiveengineering:crusher/allthecompressed/glass/7x_to_7x_sand[immersiveengineering:crusher]: {"type":"immersiveengineering:crusher","secondaries":[],"result":{"item":"allthecompressed:sand_block_7x"},"input":{"item":"allthecompressed:glass_block_7x"},"energy":12160,"conditions":[{"type":"forge:and","values":[{"type":"forge:not","value":{"type":"forge:mod_loaded","modid":"compressium"}},{"type":"forge:mod_loaded","modid":"immersiveengineering"}]}]}: com.google.gson.JsonSyntaxException: Unknown item 'allthecompressed:glass_block_7x'
[18:29:03] [WARN] Error parsing recipe create:cutting/compat/biomesoplenty/stripped_cherry_log[create:cutting]: {"type":"create:cutting","conditions":[{"type":"forge:mod_loaded","modid":"biomesoplenty"}],"ingredients":[{"item":"biomesoplenty:stripped_cherry_log"}],"processingTime":50,"results":[{"count":6,"item":"biomesoplenty:cherry_planks"}]}: com.google.gson.JsonSyntaxException: Unknown item 'biomesoplenty:stripped_cherry_log'
[18:29:03] [WARN] Error parsing recipe immersiveengineering:crusher/allthecompressed/cobblestone/2x_to_2x_gravel[immersiveengineering:crusher]: {"type":"immersiveengineering:crusher","secondaries":[],"result":{"item":"allthecompressed:gravel_block_2x"},"input":{"item":"allthecompressed:cobblestone_block_2x"},"energy":5760,"conditions":[{"type":"forge:and","values":[{"type":"forge:not","value":{"type":"forge:mod_loaded","modid":"compressium"}},{"type":"forge:mod_loaded","modid":"immersiveengineering"}]}]}: com.google.gson.JsonSyntaxException: Unknown item 'allthecompressed:cobblestone_block_2x'
[18:29:03] [WARN] Error parsing recipe create:cutting/compat/forbidden_arcanus/cherrywood[create:cutting]: {"type":"create:cutting","conditions":[{"type":"forge:mod_loaded","modid":"forbidden_arcanus"}],"ingredients":[{"item":"forbidden_arcanus:cherrywood"}],"processingTime":50,"results":[{"item":"forbidden_arcanus:stripped_cherrywood"}]}: com.google.gson.JsonSyntaxException: Unknown item 'forbidden_arcanus:cherrywood'
[18:29:03] [WARN] Error parsing recipe immersiveengineering:crusher/allthecompressed/glass/6x_to_6x_sand[immersiveengineering:crusher]: {"type":"immersiveengineering:crusher","secondaries":[],"result":{"item":"allthecompressed:sand_block_6x"},"input":{"item":"allthecompressed:glass_block_6x"},"energy":10880,"conditions":[{"type":"forge:and","values":[{"type":"forge:not","value":{"type":"forge:mod_loaded","modid":"compressium"}},{"type":"forge:mod_loaded","modid":"immersiveengineering"}]}]}: com.google.gson.JsonSyntaxException: Unknown item 'allthecompressed:glass_block_6x'
[18:29:03] [WARN] Error parsing recipe mekanism:crushing/allthecompressed/stone/7x_to_7x_cobblestone[mekanism:crushing]: {"type":"mekanism:crushing","input":{"ingredient":{"item":"allthecompressed:stone_block_7x"}},"output":{"item":"allthecompressed:cobblestone_block_7x"},"conditions":[{"type":"forge:and","values":[{"type":"forge:not","value":{"type":"forge:mod_loaded","modid":"compressium"}},{"type":"forge:mod_loaded","modid":"mekanism"}]}]}: com.google.gson.JsonSyntaxException: Unknown item 'allthecompressed:stone_block_7x'
[18:29:03] [WARN] Error parsing recipe immersiveengineering:crusher/allthecompressed/cobblestone/6x_to_6x_gravel[immersiveengineering:crusher]: {"type":"immersiveengineering:crusher","secondaries":[],"result":{"item":"allthecompressed:gravel_block_6x"},"input":{"item":"allthecompressed:cobblestone_block_6x"},"energy":10880,"conditions":[{"type":"forge:and","values":[{"type":"forge:not","value":{"type":"forge:mod_loaded","modid":"compressium"}},{"type":"forge:mod_loaded","modid":"immersiveengineering"}]}]}: com.google.gson.JsonSyntaxException: Unknown item 'allthecompressed:cobblestone_block_6x'
[18:29:03] [WARN] Error parsing recipe create:cutting/compat/forbidden_arcanus/cherrywood_log[create:cutting]: {"type":"create:cutting","conditions":[{"type":"forge:mod_loaded","modid":"forbidden_arcanus"}],"ingredients":[{"item":"forbidden_arcanus:cherrywood_log"}],"processingTime":50,"results":[{"item":"forbidden_arcanus:stripped_cherrywood_log"}]}: com.google.gson.JsonSyntaxException: Unknown item 'forbidden_arcanus:cherrywood_log'
[18:29:03] [WARN] Error parsing recipe mekanism:crushing/allthecompressed/cobblestone/8x_to_8x_gravel[mekanism:crushing]: {"type":"mekanism:crushing","input":{"ingredient":{"item":"allthecompressed:cobblestone_block_8x"}},"output":{"item":"allthecompressed:gravel_block_8x"},"conditions":[{"type":"forge:and","values":[{"type":"forge:not","value":{"type":"forge:mod_loaded","modid":"compressium"}},{"type":"forge:mod_loaded","modid":"mekanism"}]}]}: com.google.gson.JsonSyntaxException: Unknown item 'allthecompressed:cobblestone_block_8x'
[18:29:03] [WARN] Error parsing recipe mekanism:crushing/allthecompressed/cobblestone/7x_to_7x_gravel[mekanism:crushing]: {"type":"mekanism:crushing","input":{"ingredient":{"item":"allthecompressed:cobblestone_block_7x"}},"output":{"item":"allthecompressed:gravel_block_7x"},"conditions":[{"type":"forge:and","values":[{"type":"forge:not","value":{"type":"forge:mod_loaded","modid":"compressium"}},{"type":"forge:mod_loaded","modid":"mekanism"}]}]}: com.google.gson.JsonSyntaxException: Unknown item 'allthecompressed:cobblestone_block_7x'
[18:29:03] [WARN] Error parsing recipe mekanism:enriching/allthecompressed/red_sand/5x_to_5x_gravel[mekanism:enriching]: {"type":"mekanism:enriching","input":{"ingredient":{"item":"allthecompressed:red_sand_block_5x"}},"output":{"item":"allthecompressed:gravel_block_5x"},"conditions":[{"type":"forge:and","values":[{"type":"forge:not","value":{"type":"forge:mod_loaded","modid":"compressium"}},{"type":"forge:mod_loaded","modid":"mekanism"}]}]}: com.google.gson.JsonSyntaxException: Unknown item 'allthecompressed:red_sand_block_5x'
[18:29:03] [WARN] Error parsing recipe immersiveengineering:crusher/allthecompressed/gravel/8x_to_8x_sand[immersiveengineering:crusher]: {"type":"immersiveengineering:crusher","secondaries":[],"result":{"item":"allthecompressed:sand_block_8x"},"input":{"item":"allthecompressed:gravel_block_8x"},"energy":13440,"conditions":[{"type":"forge:and","values":[{"type":"forge:not","value":{"type":"forge:mod_loaded","modid":"compressium"}},{"type":"forge:mod_loaded","modid":"immersiveengineering"}]}]}: com.google.gson.JsonSyntaxException: Unknown item 'allthecompressed:gravel_block_8x'
[18:29:04] [WARN] Error parsing recipe immersiveengineering:crusher/allthecompressed/glass/5x_to_5x_sand[immersiveengineering:crusher]: {"type":"immersiveengineering:crusher","secondaries":[],"result":{"item":"allthecompressed:sand_block_5x"},"input":{"item":"allthecompressed:glass_block_5x"},"energy":9600,"conditions":[{"type":"forge:and","values":[{"type":"forge:not","value":{"type":"forge:mod_loaded","modid":"compressium"}},{"type":"forge:mod_loaded","modid":"immersiveengineering"}]}]}: com.google.gson.JsonSyntaxException: Unknown item 'allthecompressed:glass_block_5x'
[18:29:04] [WARN] Error parsing recipe mekanism:enriching/allthecompressed/sand/6x_to_6x_gravel[mekanism:enriching]: {"type":"mekanism:enriching","input":{"ingredient":{"item":"allthecompressed:sand_block_6x"}},"output":{"item":"allthecompressed:gravel_block_6x"},"conditions":[{"type":"forge:and","values":[{"type":"forge:not","value":{"type":"forge:mod_loaded","modid":"compressium"}},{"type":"forge:mod_loaded","modid":"mekanism"}]}]}: com.google.gson.JsonSyntaxException: Unknown item 'allthecompressed:sand_block_6x'
[18:29:04] [WARN] Error parsing recipe immersiveengineering:crusher/allthecompressed/cobblestone/4x_to_4x_gravel[immersiveengineering:crusher]: {"type":"immersiveengineering:crusher","secondaries":[],"result":{"item":"allthecompressed:gravel_block_4x"},"input":{"item":"allthecompressed:cobblestone_block_4x"},"energy":8320,"conditions":[{"type":"forge:and","values":[{"type":"forge:not","value":{"type":"forge:mod_loaded","modid":"compressium"}},{"type":"forge:mod_loaded","modid":"immersiveengineering"}]}]}: com.google.gson.JsonSyntaxException: Unknown item 'allthecompressed:cobblestone_block_4x'
[18:29:04] [WARN] Error parsing recipe mekanism:crushing/allthecompressed/gravel/1x_to_1x_sand[mekanism:crushing]: {"type":"mekanism:crushing","input":{"ingredient":{"item":"allthecompressed:gravel_block_1x"}},"output":{"item":"allthecompressed:sand_block_1x"},"conditions":[{"type":"forge:and","values":[{"type":"forge:not","value":{"type":"forge:mod_loaded","modid":"compressium"}},{"type":"forge:mod_loaded","modid":"mekanism"}]}]}: com.google.gson.JsonSyntaxException: Unknown item 'allthecompressed:gravel_block_1x'
[18:29:04] [WARN] Error parsing recipe railways:sequenced_assembly/track_biomesoplenty_cherry_narrow[create:sequenced_assembly]: {"fabric:load_conditions":[{"condition":"fabric:all_mods_loaded","values":["biomesoplenty"]}],"type":"create:sequenced_assembly","conditions":[{"type":"forge:mod_loaded","modid":"biomesoplenty"}],"ingredient":{"item":"biomesoplenty:cherry_slab"},"loops":1,"results":[{"item":"railways:track_biomesoplenty_cherry_narrow"}],"sequence":[{"type":"create:cutting","ingredients":[{"item":"railways:track_incomplete_biomesoplenty_cherry_narrow"}],"results":[{"item":"railways:track_incomplete_biomesoplenty_cherry_narrow"}]},{"type":"create:deploying","ingredients":[{"item":"railways:track_incomplete_biomesoplenty_cherry_narrow"},[{"tag":"railways:internal/nuggets/iron_nuggets"},{"tag":"railways:internal/nuggets/zinc_nuggets"}]],"results":[{"item":"railways:track_incomplete_biomesoplenty_cherry_narrow"}]},{"type":"create:pressing","ingredients":[{"item":"railways:track_incomplete_biomesoplenty_cherry_narrow"}],"results":[{"item":"railways:track_incomplete_biomesoplenty_cherry_narrow"}]}],"transitionalItem":{"item":"railways:track_incomplete_biomesoplenty_cherry_narrow"}}: com.google.gson.JsonSyntaxException: Unknown item 'biomesoplenty:cherry_slab'
[18:29:04] [WARN] Error parsing recipe mekanism:enriching/allthecompressed/red_sand/7x_to_7x_gravel[mekanism:enriching]: {"type":"mekanism:enriching","input":{"ingredient":{"item":"allthecompressed:red_sand_block_7x"}},"output":{"item":"allthecompressed:gravel_block_7x"},"conditions":[{"type":"forge:and","values":[{"type":"forge:not","value":{"type":"forge:mod_loaded","modid":"compressium"}},{"type":"forge:mod_loaded","modid":"mekanism"}]}]}: com.google.gson.JsonSyntaxException: Unknown item 'allthecompressed:red_sand_block_7x'
[18:29:04] [WARN] Error parsing recipe immersiveengineering:crusher/allthecompressed/gravel/2x_to_2x_sand[immersiveengineering:crusher]: {"type":"immersiveengineering:crusher","secondaries":[],"result":{"item":"allthecompressed:sand_block_2x"},"input":{"item":"allthecompressed:gravel_block_2x"},"energy":5760,"conditions":[{"type":"forge:and","values":[{"type":"forge:not","value":{"type":"forge:mod_loaded","modid":"compressium"}},{"type":"forge:mod_loaded","modid":"immersiveengineering"}]}]}: com.google.gson.JsonSyntaxException: Unknown item 'allthecompressed:gravel_block_2x'
[18:29:04] [WARN] Error parsing recipe mekanism:enriching/allthecompressed/red_sand/9x_to_9x_gravel[mekanism:enriching]: {"type":"mekanism:enriching","input":{"ingredient":{"item":"allthecompressed:red_sand_block_9x"}},"output":{"item":"allthecompressed:gravel_block_9x"},"conditions":[{"type":"forge:and","values":[{"type":"forge:not","value":{"type":"forge:mod_loaded","modid":"compressium"}},{"type":"forge:mod_loaded","modid":"mekanism"}]}]}: com.google.gson.JsonSyntaxException: Unknown item 'allthecompressed:red_sand_block_9x'
[18:29:04] [WARN] Error parsing recipe create:cutting/compat/blue_skies/cherry_log[create:cutting]: {"type":"create:cutting","conditions":[{"type":"forge:mod_loaded","modid":"blue_skies"}],"ingredients":[{"item":"blue_skies:cherry_log"}],"processingTime":50,"results":[{"item":"blue_skies:stripped_cherry_log"}]}: com.google.gson.JsonSyntaxException: Unknown item 'blue_skies:cherry_log'
[18:29:04] [WARN] Error parsing recipe mekanism:crushing/allthecompressed/cobblestone/3x_to_3x_gravel[mekanism:crushing]: {"type":"mekanism:crushing","input":{"ingredient":{"item":"allthecompressed:cobblestone_block_3x"}},"output":{"item":"allthecompressed:gravel_block_3x"},"conditions":[{"type":"forge:and","values":[{"type":"forge:not","value":{"type":"forge:mod_loaded","modid":"compressium"}},{"type":"forge:mod_loaded","modid":"mekanism"}]}]}: com.google.gson.JsonSyntaxException: Unknown item 'allthecompressed:cobblestone_block_3x'
[18:29:04] [WARN] Error parsing recipe mekanism:crushing/allthecompressed/stone/2x_to_2x_cobblestone[mekanism:crushing]: {"type":"mekanism:crushing","input":{"ingredient":{"item":"allthecompressed:stone_block_2x"}},"output":{"item":"allthecompressed:cobblestone_block_2x"},"conditions":[{"type":"forge:and","values":[{"type":"forge:not","value":{"type":"forge:mod_loaded","modid":"compressium"}},{"type":"forge:mod_loaded","modid":"mekanism"}]}]}: com.google.gson.JsonSyntaxException: Unknown item 'allthecompressed:stone_block_2x'
[18:29:04] [WARN] Error parsing recipe mekanism:crushing/allthecompressed/cobblestone/5x_to_5x_gravel[mekanism:crushing]: {"type":"mekanism:crushing","input":{"ingredient":{"item":"allthecompressed:cobblestone_block_5x"}},"output":{"item":"allthecompressed:gravel_block_5x"},"conditions":[{"type":"forge:and","values":[{"type":"forge:not","value":{"type":"forge:mod_loaded","modid":"compressium"}},{"type":"forge:mod_loaded","modid":"mekanism"}]}]}: com.google.gson.JsonSyntaxException: Unknown item 'allthecompressed:cobblestone_block_5x'
[18:29:04] [WARN] Error parsing recipe immersiveengineering:crusher/allthecompressed/cobblestone/3x_to_3x_gravel[immersiveengineering:crusher]: {"type":"immersiveengineering:crusher","secondaries":[],"result":{"item":"allthecompressed:gravel_block_3x"},"input":{"item":"allthecompressed:cobblestone_block_3x"},"energy":7040,"conditions":[{"type":"forge:and","values":[{"type":"forge:not","value":{"type":"forge:mod_loaded","modid":"compressium"}},{"type":"forge:mod_loaded","modid":"immersiveengineering"}]}]}: com.google.gson.JsonSyntaxException: Unknown item 'allthecompressed:cobblestone_block_3x'
[18:29:04] [WARN] Error parsing recipe mekanism:enriching/allthecompressed/sand/7x_to_7x_gravel[mekanism:enriching]: {"type":"mekanism:enriching","input":{"ingredient":{"item":"allthecompressed:sand_block_7x"}},"output":{"item":"allthecompressed:gravel_block_7x"},"conditions":[{"type":"forge:and","values":[{"type":"forge:not","value":{"type":"forge:mod_loaded","modid":"compressium"}},{"type":"forge:mod_loaded","modid":"mekanism"}]}]}: com.google.gson.JsonSyntaxException: Unknown item 'allthecompressed:sand_block_7x'
[18:29:04] [WARN] Error parsing recipe mekanism:crushing/allthecompressed/cobblestone/6x_to_6x_gravel[mekanism:crushing]: {"type":"mekanism:crushing","input":{"ingredient":{"item":"allthecompressed:cobblestone_block_6x"}},"output":{"item":"allthecompressed:gravel_block_6x"},"conditions":[{"type":"forge:and","values":[{"type":"forge:not","value":{"type":"forge:mod_loaded","modid":"compressium"}},{"type":"forge:mod_loaded","modid":"mekanism"}]}]}: com.google.gson.JsonSyntaxException: Unknown item 'allthecompressed:cobblestone_block_6x'
[18:29:04] [WARN] Error parsing recipe immersiveengineering:crusher/allthecompressed/gravel/9x_to_9x_sand[immersiveengineering:crusher]: {"type":"immersiveengineering:crusher","secondaries":[],"result":{"item":"allthecompressed:sand_block_9x"},"input":{"item":"allthecompressed:gravel_block_9x"},"energy":14720,"conditions":[{"type":"forge:and","values":[{"type":"forge:not","value":{"type":"forge:mod_loaded","modid":"compressium"}},{"type":"forge:mod_loaded","modid":"immersiveengineering"}]}]}: com.google.gson.JsonSyntaxException: Unknown item 'allthecompressed:gravel_block_9x'
[18:29:04] [WARN] Error parsing recipe mekanism:crushing/allthecompressed/cobblestone/2x_to_2x_gravel[mekanism:crushing]: {"type":"mekanism:crushing","input":{"ingredient":{"item":"allthecompressed:cobblestone_block_2x"}},"output":{"item":"allthecompressed:gravel_block_2x"},"conditions":[{"type":"forge:and","values":[{"type":"forge:not","value":{"type":"forge:mod_loaded","modid":"compressium"}},{"type":"forge:mod_loaded","modid":"mekanism"}]}]}: com.google.gson.JsonSyntaxException: Unknown item 'allthecompressed:cobblestone_block_2x'
[18:29:04] [WARN] Error parsing recipe immersiveengineering:crusher/allthecompressed/gravel/1x_to_1x_sand[immersiveengineering:crusher]: {"type":"immersiveengineering:crusher","secondaries":[],"result":{"item":"allthecompressed:sand_block_1x"},"input":{"item":"allthecompressed:gravel_block_1x"},"energy":4480,"conditions":[{"type":"forge:and","values":[{"type":"forge:not","value":{"type":"forge:mod_loaded","modid":"compressium"}},{"type":"forge:mod_loaded","modid":"immersiveengineering"}]}]}: com.google.gson.JsonSyntaxException: Unknown item 'allthecompressed:gravel_block_1x'
[18:29:04] [WARN] Error parsing recipe create:cutting/compat/forbidden_arcanus/mysterywood[create:cutting]: {"type":"create:cutting","conditions":[{"type":"forge:mod_loaded","modid":"forbidden_arcanus"}],"ingredients":[{"item":"forbidden_arcanus:mysterywood"}],"processingTime":50,"results":[{"item":"forbidden_arcanus:stripped_mysterywood"}]}: com.google.gson.JsonSyntaxException: Unknown item 'forbidden_arcanus:mysterywood'
[18:29:04] [WARN] Error parsing recipe mekanism:enriching/allthecompressed/red_sand/3x_to_3x_gravel[mekanism:enriching]: {"type":"mekanism:enriching","input":{"ingredient":{"item":"allthecompressed:red_sand_block_3x"}},"output":{"item":"allthecompressed:gravel_block_3x"},"conditions":[{"type":"forge:and","values":[{"type":"forge:not","value":{"type":"forge:mod_loaded","modid":"compressium"}},{"type":"forge:mod_loaded","modid":"mekanism"}]}]}: com.google.gson.JsonSyntaxException: Unknown item 'allthecompressed:red_sand_block_3x'
[18:29:04] [WARN] Error parsing recipe mekanism:enriching/allthecompressed/sand/2x_to_2x_gravel[mekanism:enriching]: {"type":"mekanism:enriching","input":{"ingredient":{"item":"allthecompressed:sand_block_2x"}},"output":{"item":"allthecompressed:gravel_block_2x"},"conditions":[{"type":"forge:and","values":[{"type":"forge:not","value":{"type":"forge:mod_loaded","modid":"compressium"}},{"type":"forge:mod_loaded","modid":"mekanism"}]}]}: com.google.gson.JsonSyntaxException: Unknown item 'allthecompressed:sand_block_2x'
[18:29:04] [WARN] Error parsing recipe mekanism:enriching/allthecompressed/sand/9x_to_9x_gravel[mekanism:enriching]: {"type":"mekanism:enriching","input":{"ingredient":{"item":"allthecompressed:sand_block_9x"}},"output":{"item":"allthecompressed:gravel_block_9x"},"conditions":[{"type":"forge:and","values":[{"type":"forge:not","value":{"type":"forge:mod_loaded","modid":"compressium"}},{"type":"forge:mod_loaded","modid":"mekanism"}]}]}: com.google.gson.JsonSyntaxException: Unknown item 'allthecompressed:sand_block_9x'
[18:29:04] [WARN] Error parsing recipe mekanism:crushing/allthecompressed/gravel/2x_to_2x_sand[mekanism:crushing]: {"type":"mekanism:crushing","input":{"ingredient":{"item":"allthecompressed:gravel_block_2x"}},"output":{"item":"allthecompressed:sand_block_2x"},"conditions":[{"type":"forge:and","values":[{"type":"forge:not","value":{"type":"forge:mod_loaded","modid":"compressium"}},{"type":"forge:mod_loaded","modid":"mekanism"}]}]}: com.google.gson.JsonSyntaxException: Unknown item 'allthecompressed:gravel_block_2x'
[18:29:04] [WARN] Error parsing recipe mekanism:crushing/allthecompressed/stone/1x_to_1x_cobblestone[mekanism:crushing]: {"type":"mekanism:crushing","input":{"ingredient":{"item":"allthecompressed:stone_block_1x"}},"output":{"item":"allthecompressed:cobblestone_block_1x"},"conditions":[{"type":"forge:and","values":[{"type":"forge:not","value":{"type":"forge:mod_loaded","modid":"compressium"}},{"type":"forge:mod_loaded","modid":"mekanism"}]}]}: com.google.gson.JsonSyntaxException: Unknown item 'allthecompressed:stone_block_1x'
[18:29:04] [WARN] Error parsing recipe create:cutting/compat/forbidden_arcanus/stripped_mysterywood_log[create:cutting]: {"type":"create:cutting","conditions":[{"type":"forge:mod_loaded","modid":"forbidden_arcanus"}],"ingredients":[{"item":"forbidden_arcanus:stripped_mysterywood_log"}],"processingTime":50,"results":[{"count":6,"item":"forbidden_arcanus:mysterywood_planks"}]}: com.google.gson.JsonSyntaxException: Unknown item 'forbidden_arcanus:stripped_mysterywood_log'
[18:29:04] [INFO] Added 2023 recipes, removed 234 recipes, modified 14 recipes, with 98 failed recipes in 866.6 ms
